<?xml version="1.0" encoding="UTF-8"?>
<testng-results skipped="0" failed="1" ignored="0" total="3" passed="2">
  <reporter-output>
  </reporter-output>
  <suite name="Suite" duration-ms="31866" started-at="2018-08-12T18:27:04Z" finished-at="2018-08-12T18:27:36Z">
    <groups>
    </groups>
    <test name="Verify Login" duration-ms="18434" started-at="2018-08-12T18:27:04Z" finished-at="2018-08-12T18:27:23Z">
      <class name="FlightPortal.ValidateTicketBooking">
        <test-method status="PASS" signature="initalize()[pri:0, instance:FlightPortal.ValidateTicketBooking@9629756]" name="initalize" is-config="true" duration-ms="7862" started-at="2018-08-12T18:27:04Z" finished-at="2018-08-12T18:27:12Z">
          <reporter-output>
          </reporter-output>
        </test-method> <!-- initalize -->
        <test-method status="PASS" signature="basePageNavigation(java.lang.String, java.lang.String, java.lang.String, int, java.lang.String, java.lang.String, java.lang.String, java.lang.String, java.lang.String, java.lang.String, int, java.lang.String, java.lang.String, java.lang.String, java.lang.String, java.lang.String, java.lang.String)[pri:0, instance:FlightPortal.ValidateTicketBooking@9629756]" name="basePageNavigation" duration-ms="10473" started-at="2018-08-12T18:27:12Z" data-provider="getData" finished-at="2018-08-12T18:27:23Z">
          <params>
            <param index="0">
              <value>
                <![CDATA[yogee143]]>
              </value>
            </param>
            <param index="1">
              <value>
                <![CDATA[Iloveyou143]]>
              </value>
            </param>
            <param index="2">
              <value>
                <![CDATA[1]]>
              </value>
            </param>
            <param index="3">
              <value>
                <![CDATA[2]]>
              </value>
            </param>
            <param index="4">
              <value>
                <![CDATA[Paris]]>
              </value>
            </param>
            <param index="5">
              <value>
                <![CDATA[March]]>
              </value>
            </param>
            <param index="6">
              <value>
                <![CDATA[15]]>
              </value>
            </param>
            <param index="7">
              <value>
                <![CDATA[Sydney]]>
              </value>
            </param>
            <param index="8">
              <value>
                <![CDATA[November]]>
              </value>
            </param>
            <param index="9">
              <value>
                <![CDATA[20]]>
              </value>
            </param>
            <param index="10">
              <value>
                <![CDATA[1]]>
              </value>
            </param>
            <param index="11">
              <value>
                <![CDATA[Blue Skies Airlines]]>
              </value>
            </param>
            <param index="12">
              <value>
                <![CDATA[Unified Airlines 363]]>
              </value>
            </param>
            <param index="13">
              <value>
                <![CDATA[Pangea Airlines 632]]>
              </value>
            </param>
            <param index="14">
              <value>
                <![CDATA[YOGESH]]>
              </value>
            </param>
            <param index="15">
              <value>
                <![CDATA[JATTI]]>
              </value>
            </param>
            <param index="16">
              <value>
                <![CDATA[1111222233334444]]>
              </value>
            </param>
          </params>
          <reporter-output>
          </reporter-output>
        </test-method> <!-- basePageNavigation -->
        <test-method status="PASS" signature="closeDriver()[pri:0, instance:FlightPortal.ValidateTicketBooking@9629756]" name="closeDriver" is-config="true" duration-ms="52" started-at="2018-08-12T18:27:23Z" finished-at="2018-08-12T18:27:23Z">
          <reporter-output>
          </reporter-output>
        </test-method> <!-- closeDriver -->
      </class> <!-- FlightPortal.ValidateTicketBooking -->
    </test> <!-- Verify Login -->
    <test name="Verify Sign On Image" duration-ms="5056" started-at="2018-08-12T18:27:23Z" finished-at="2018-08-12T18:27:28Z">
      <class name="FlightPortal.ValidateSignOnTest">
        <test-method status="PASS" signature="initalize()[pri:0, instance:FlightPortal.ValidateSignOnTest@2b98378d]" name="initalize" is-config="true" duration-ms="4938" started-at="2018-08-12T18:27:23Z" finished-at="2018-08-12T18:27:28Z">
          <reporter-output>
          </reporter-output>
        </test-method> <!-- initalize -->
        <test-method status="PASS" signature="validateSignOnImage()[pri:0, instance:FlightPortal.ValidateSignOnTest@2b98378d]" name="validateSignOnImage" duration-ms="62" started-at="2018-08-12T18:27:28Z" finished-at="2018-08-12T18:27:28Z">
          <reporter-output>
          </reporter-output>
        </test-method> <!-- validateSignOnImage -->
        <test-method status="PASS" signature="closeDriver()[pri:0, instance:FlightPortal.ValidateSignOnTest@2b98378d]" name="closeDriver" is-config="true" duration-ms="54" started-at="2018-08-12T18:27:28Z" finished-at="2018-08-12T18:27:28Z">
          <reporter-output>
          </reporter-output>
        </test-method> <!-- closeDriver -->
      </class> <!-- FlightPortal.ValidateSignOnTest -->
    </test> <!-- Verify Sign On Image -->
    <test name="Verify Page Footer" duration-ms="8335" started-at="2018-08-12T18:27:28Z" finished-at="2018-08-12T18:27:36Z">
      <class name="FlightPortal.ValidatePageFooterTest">
        <test-method status="PASS" signature="initalize()[pri:0, instance:FlightPortal.ValidatePageFooterTest@46d56d67]" name="initalize" is-config="true" duration-ms="5439" started-at="2018-08-12T18:27:28Z" finished-at="2018-08-12T18:27:33Z">
          <reporter-output>
          </reporter-output>
        </test-method> <!-- initalize -->
        <test-method status="FAIL" signature="validateSignOnImage()[pri:0, instance:FlightPortal.ValidatePageFooterTest@46d56d67]" name="validateSignOnImage" duration-ms="59" started-at="2018-08-12T18:27:33Z" finished-at="2018-08-12T18:27:33Z">
          <exception class="java.lang.AssertionError">
            <message>
              <![CDATA[expected [© 2018, Mercury Interactive (v. 011003-1.01-058)] but found [© 2005, Mercury Interactive (v. 011003-1.01-058)]]]>
            </message>
            <full-stacktrace>
              <![CDATA[java.lang.AssertionError: expected [© 2018, Mercury Interactive (v. 011003-1.01-058)] but found [© 2005, Mercury Interactive (v. 011003-1.01-058)]
at org.testng.Assert.fail(Assert.java:96)
at org.testng.Assert.failNotEquals(Assert.java:776)
at org.testng.Assert.assertEqualsImpl(Assert.java:137)
at org.testng.Assert.assertEquals(Assert.java:118)
at org.testng.Assert.assertEquals(Assert.java:453)
at org.testng.Assert.assertEquals(Assert.java:463)
at FlightPortal.ValidatePageFooterTest.validateSignOnImage(ValidatePageFooterTest.java:28)
at sun.reflect.NativeMethodAccessorImpl.invoke0(Native Method)
at sun.reflect.NativeMethodAccessorImpl.invoke(NativeMethodAccessorImpl.java:62)
at sun.reflect.DelegatingMethodAccessorImpl.invoke(DelegatingMethodAccessorImpl.java:43)
at java.lang.reflect.Method.invoke(Method.java:498)
at org.testng.internal.MethodInvocationHelper.invokeMethod(MethodInvocationHelper.java:124)
at org.testng.internal.Invoker.invokeMethod(Invoker.java:583)
at org.testng.internal.Invoker.invokeTestMethod(Invoker.java:719)
at org.testng.internal.Invoker.invokeTestMethods(Invoker.java:989)
at org.testng.internal.TestMethodWorker.invokeTestMethods(TestMethodWorker.java:125)
at org.testng.internal.TestMethodWorker.run(TestMethodWorker.java:109)
at org.testng.TestRunner.privateRun(TestRunner.java:648)
at org.testng.TestRunner.run(TestRunner.java:505)
at org.testng.SuiteRunner.runTest(SuiteRunner.java:455)
at org.testng.SuiteRunner.runSequentially(SuiteRunner.java:450)
at org.testng.SuiteRunner.privateRun(SuiteRunner.java:415)
at org.testng.SuiteRunner.run(SuiteRunner.java:364)
at org.testng.SuiteRunnerWorker.runSuite(SuiteRunnerWorker.java:52)
at org.testng.SuiteRunnerWorker.run(SuiteRunnerWorker.java:84)
at org.testng.TestNG.runSuitesSequentially(TestNG.java:1208)
at org.testng.TestNG.runSuitesLocally(TestNG.java:1137)
at org.testng.TestNG.runSuites(TestNG.java:1049)
at org.testng.TestNG.run(TestNG.java:1017)
at org.apache.maven.surefire.testng.TestNGExecutor.run(TestNGExecutor.java:283)
at org.apache.maven.surefire.testng.TestNGXmlTestSuite.execute(TestNGXmlTestSuite.java:75)
at org.apache.maven.surefire.testng.TestNGProvider.invoke(TestNGProvider.java:120)
at org.apache.maven.surefire.booter.ForkedBooter.invokeProviderInSameClassLoader(ForkedBooter.java:383)
at org.apache.maven.surefire.booter.ForkedBooter.runSuitesInProcess(ForkedBooter.java:344)
at org.apache.maven.surefire.booter.ForkedBooter.execute(ForkedBooter.java:125)
at org.apache.maven.surefire.booter.ForkedBooter.main(ForkedBooter.java:417)
]]>
            </full-stacktrace>
          </exception> <!-- java.lang.AssertionError -->
          <reporter-output>
          </reporter-output>
        </test-method> <!-- validateSignOnImage -->
        <test-method status="PASS" signature="closeDriver()[pri:0, instance:FlightPortal.ValidatePageFooterTest@46d56d67]" name="closeDriver" is-config="true" duration-ms="2341" started-at="2018-08-12T18:27:34Z" finished-at="2018-08-12T18:27:36Z">
          <reporter-output>
          </reporter-output>
        </test-method> <!-- closeDriver -->
      </class> <!-- FlightPortal.ValidatePageFooterTest -->
    </test> <!-- Verify Page Footer -->
  </suite> <!-- Suite -->
</testng-results>
